<?xml version="1.0" encoding="UTF-8"?>
<!-- Generated by org.testng.reporters.JUnitXMLReporter -->
<testsuite hostname="WB0005-1" name="Chrome_Test3" tests="5" failures="3" timestamp="17 Oct 2016 19:26:17 GMT" time="1385.536" errors="0">
  <testcase name="test" time="413.615" classname="com.autotest.testcases.Project_Release_RYS009"/>
  <testcase name="test" time="536.026" classname="com.autotest.testcases.RYS009_UserInvest">
    <failure type="java.lang.AssertionError">
      <![CDATA[java.lang.AssertionError: 
	at com.autotest.testcases.RYS009_UserInvest.test(RYS009_UserInvest.java:417)
	at java.util.concurrent.FutureTask.run(Unknown Source)
	at java.util.concurrent.ThreadPoolExecutor.runWorker(Unknown Source)
	at java.util.concurrent.ThreadPoolExecutor$Worker.run(Unknown Source)
	at java.lang.Thread.run(Unknown Source)
... Removed 19 stack frames]]>
    </failure>
  </testcase> <!-- test -->
  <testcase name="test" time="144.293" classname="com.autotest.testcases.RYS009_GenPayPlan"/>
  <testcase name="Test" time="16.025" classname="com.autotest.testcases.RYS009_Loanapplication">
    <failure type="java.lang.AssertionError">
      <![CDATA[java.lang.AssertionError: 
	at com.autotest.testcases.RYS009_Loanapplication.Test(RYS009_Loanapplication.java:170)
	at java.util.concurrent.FutureTask.run(Unknown Source)
	at java.util.concurrent.ThreadPoolExecutor.runWorker(Unknown Source)
	at java.util.concurrent.ThreadPoolExecutor$Worker.run(Unknown Source)
	at java.lang.Thread.run(Unknown Source)
... Removed 19 stack frames]]>
    </failure>
  </testcase> <!-- Test -->
  <testcase name="test" time="250.438" classname="com.autotest.testcases.RYS009_Repay_Business">
    <failure type="java.lang.AssertionError">
      <![CDATA[java.lang.AssertionError: 
	at com.autotest.testcases.RYS009_Repay_Business.test(RYS009_Repay_Business.java:293)
	at java.util.concurrent.FutureTask.run(Unknown Source)
	at java.util.concurrent.ThreadPoolExecutor.runWorker(Unknown Source)
	at java.util.concurrent.ThreadPoolExecutor$Worker.run(Unknown Source)
	at java.lang.Thread.run(Unknown Source)
... Removed 19 stack frames]]>
    </failure>
  </testcase> <!-- test -->
</testsuite> <!-- Chrome_Test3 -->
