<?xml version="1.0" encoding="UTF-8"?>
<!-- Generated by org.testng.reporters.JUnitXMLReporter -->
<testsuite hostname="WB0005-1" name="Chrome_Test2" tests="6" failures="3" timestamp="18 Oct 2016 04:05:12 GMT" time="6290.279" errors="0">
  <testcase name="test" time="653.602" classname="com.autotest.testcases.UserRegistration"/>
  <testcase name="test" time="416.507" classname="com.autotest.testcases.Project_Release_YYS004"/>
  <testcase name="test" time="455.691" classname="com.autotest.testcases.YYS004_UserInvest">
    <failure type="java.lang.AssertionError">
      <![CDATA[java.lang.AssertionError: 
	at com.autotest.testcases.YYS004_UserInvest.test(YYS004_UserInvest.java:395)
	at java.util.concurrent.FutureTask.run(Unknown Source)
	at java.util.concurrent.ThreadPoolExecutor.runWorker(Unknown Source)
	at java.util.concurrent.ThreadPoolExecutor$Worker.run(Unknown Source)
	at java.lang.Thread.run(Unknown Source)
... Removed 19 stack frames]]>
    </failure>
  </testcase> <!-- test -->
  <testcase name="test" time="338.009" classname="com.autotest.testcases.YYS004_GenPayPlan"/>
  <testcase name="Test" time="521.097" classname="com.autotest.testcases.YYS004_Payment">
    <failure type="java.lang.AssertionError">
      <![CDATA[java.lang.AssertionError: 
	at com.autotest.testcases.YYS004_Payment.Test(YYS004_Payment.java:331)
	at java.util.concurrent.FutureTask.run(Unknown Source)
	at java.util.concurrent.ThreadPoolExecutor.runWorker(Unknown Source)
	at java.util.concurrent.ThreadPoolExecutor$Worker.run(Unknown Source)
	at java.lang.Thread.run(Unknown Source)
... Removed 19 stack frames]]>
    </failure>
  </testcase> <!-- Test -->
  <testcase name="test" time="3875.602" classname="com.autotest.testcases.YYS004_Repay_Business">
    <failure type="java.lang.AssertionError">
      <![CDATA[java.lang.AssertionError: 
	at com.autotest.testcases.YYS004_Repay_Business.test(YYS004_Repay_Business.java:93)
	at java.util.concurrent.FutureTask.run(Unknown Source)
	at java.util.concurrent.ThreadPoolExecutor.runWorker(Unknown Source)
	at java.util.concurrent.ThreadPoolExecutor$Worker.run(Unknown Source)
	at java.lang.Thread.run(Unknown Source)
... Removed 19 stack frames]]>
    </failure>
  </testcase> <!-- test -->
</testsuite> <!-- Chrome_Test2 -->
