<?xml version="1.0" encoding="UTF-8"?>
<!-- Generated by org.testng.reporters.JUnitXMLReporter -->
<testsuite hostname="myl000738-0" name="Firefox_Test1" tests="1" failures="1" timestamp="17 Oct 2016 11:32:56 GMT" time="161.565" errors="0">
  <testcase name="test" time="157.932" classname="com.autotest.testcases.YYS007_InvestSDT">
    <failure type="java.lang.AssertionError">
      <![CDATA[java.lang.AssertionError: 
	at com.autotest.testcases.YYS007_InvestSDT.test(YYS007_InvestSDT.java:397)
	at java.util.concurrent.FutureTask.run(Unknown Source)
	at java.util.concurrent.ThreadPoolExecutor.runWorker(Unknown Source)
	at java.util.concurrent.ThreadPoolExecutor$Worker.run(Unknown Source)
	at java.lang.Thread.run(Unknown Source)
... Removed 19 stack frames]]>
    </failure>
  </testcase> <!-- test -->
</testsuite> <!-- Firefox_Test1 -->
