<?xml version="1.0" encoding="UTF-8"?>
<!-- Generated by org.testng.reporters.JUnitXMLReporter -->
<testsuite hostname="myl000738-0" name="IE_Test1" tests="1" failures="0" timestamp="8 Sep 2016 03:08:02 GMT" time="0.203" errors="0">
  <testcase name="@BeforeClass createDriver" time="0.0" classname="com.autotest.testcases.TestCase_Demo">
    <failure type="java.lang.NullPointerException">
      <![CDATA[java.lang.NullPointerException
	at com.autotest.driver.TestDriver.createDriver(TestDriver.java:113)
	at java.util.concurrent.FutureTask.run(Unknown Source)
	at java.util.concurrent.ThreadPoolExecutor.runWorker(Unknown Source)
	at java.util.concurrent.ThreadPoolExecutor$Worker.run(Unknown Source)
	at java.lang.Thread.run(Unknown Source)
... Removed 16 stack frames]]>
    </failure>
  </testcase> <!-- @BeforeClass createDriver -->
  <testcase name="@AfterClass quitDriver" time="0.0" classname="com.autotest.testcases.TestCase_Demo">
    <skipped/>
  </testcase> <!-- @AfterClass quitDriver -->
  <testcase name="Test" time="0.0" classname="com.autotest.testcases.TestCase_Demo">
    <skipped/>
  </testcase> <!-- Test -->
</testsuite> <!-- IE_Test1 -->
